# JRE version: Java(TM) SE Runtime Environment (8.0_161-b12) (build 1.8.0_161-b12)
# Java VM: Java HotSpot(TM) 64-Bit Server VM (25.161-b12 mixed mode windows-amd64 compressed oops)
Heap:
 PSYoungGen      total 56832K, used 34199K [0x0000000780f80000, 0x0000000784e80000, 0x00000007c0000000)
  eden space 49152K, 53% used [0x0000000780f80000,0x0000000782969bd8,0x0000000783f80000)
  from space 7680K, 99% used [0x0000000783f80000,0x00000007846fc030,0x0000000784700000)
  to   space 7680K, 0% used [0x0000000784700000,0x0000000784700000,0x0000000784e80000)
 ParOldGen       total 130048K, used 7580K [0x0000000702e00000, 0x000000070ad00000, 0x0000000780f80000)
  object space 130048K, 5% used [0x0000000702e00000,0x0000000703567340,0x000000070ad00000)
 Metaspace       used 15206K, capacity 15462K, committed 15744K, reserved 1062912K
  class space    used 1826K, capacity 1913K, committed 1920K, reserved 1048576K
GC Heap History (6 events):
Event: 0.878 GC heap before
{Heap before GC invocations=1 (full 0):
 PSYoungGen      total 56832K, used 49152K [0x0000000780f80000, 0x0000000784e80000, 0x00000007c0000000)
  eden space 49152K, 100% used [0x0000000780f80000,0x0000000783f80000,0x0000000783f80000)
  from space 7680K, 0% used [0x0000000784700000,0x0000000784700000,0x0000000784e80000)
  to   space 7680K, 0% used [0x0000000783f80000,0x0000000783f80000,0x0000000784700000)
 ParOldGen       total 130048K, used 0K [0x0000000702e00000, 0x000000070ad00000, 0x0000000780f80000)
  object space 130048K, 0% used [0x0000000702e00000,0x0000000702e00000,0x000000070ad00000)
 Metaspace       used 9295K, capacity 9462K, committed 9728K, reserved 1058816K
  class space    used 1152K, capacity 1215K, committed 1280K, reserved 1048576K
Event: 0.883 GC heap after
Heap after GC invocations=1 (full 0):
 PSYoungGen      total 56832K, used 6776K [0x0000000780f80000, 0x0000000784e80000, 0x00000007c0000000)
  eden space 49152K, 0% used [0x0000000780f80000,0x0000000780f80000,0x0000000783f80000)
  from space 7680K, 88% used [0x0000000783f80000,0x000000078461e330,0x0000000784700000)
  to   space 7680K, 0% used [0x0000000784700000,0x0000000784700000,0x0000000784e80000)
 ParOldGen       total 130048K, used 16K [0x0000000702e00000, 0x000000070ad00000, 0x0000000780f80000)
  object space 130048K, 0% used [0x0000000702e00000,0x0000000702e04000,0x000000070ad00000)
 Metaspace       used 9295K, capacity 9462K, committed 9728K, reserved 1058816K
  class space    used 1152K, capacity 1215K, committed 1280K, reserved 1048576K
}
Event: 1.726 GC heap before
{Heap before GC invocations=2 (full 0):
 PSYoungGen      total 56832K, used 55928K [0x0000000780f80000, 0x0000000784e80000, 0x00000007c0000000)
  eden space 49152K, 100% used [0x0000000780f80000,0x0000000783f80000,0x0000000783f80000)
  from space 7680K, 88% used [0x0000000783f80000,0x000000078461e330,0x0000000784700000)
  to   space 7680K, 0% used [0x0000000784700000,0x0000000784700000,0x0000000784e80000)
 ParOldGen       total 130048K, used 16K [0x0000000702e00000, 0x000000070ad00000, 0x0000000780f80000)
  object space 130048K, 0% used [0x0000000702e00000,0x0000000702e04000,0x000000070ad00000)
 Metaspace       used 14442K, capacity 14696K, committed 14976K, reserved 1062912K
  class space    used 1786K, capacity 1876K, committed 1920K, reserved 1048576K
Event: 1.736 GC heap after
Heap after GC invocations=2 (full 0):
 PSYoungGen      total 56832K, used 7667K [0x0000000780f80000, 0x0000000784e80000, 0x00000007c0000000)
  eden space 49152K, 0% used [0x0000000780f80000,0x0000000780f80000,0x0000000783f80000)
  from space 7680K, 99% used [0x0000000784700000,0x0000000784e7cf90,0x0000000784e80000)
  to   space 7680K, 0% used [0x0000000783f80000,0x0000000783f80000,0x0000000784700000)
 ParOldGen       total 130048K, used 3352K [0x0000000702e00000, 0x000000070ad00000, 0x0000000780f80000)
  object space 130048K, 2% used [0x0000000702e00000,0x0000000703146000,0x000000070ad00000)
 Metaspace       used 14442K, capacity 14696K, committed 14976K, reserved 1062912K
  class space    used 1786K, capacity 1876K, committed 1920K, reserved 1048576K
}
Event: 3.755 GC heap before
{Heap before GC invocations=3 (full 0):
 PSYoungGen      total 56832K, used 56819K [0x0000000780f80000, 0x0000000784e80000, 0x00000007c0000000)
  eden space 49152K, 100% used [0x0000000780f80000,0x0000000783f80000,0x0000000783f80000)
  from space 7680K, 99% used [0x0000000784700000,0x0000000784e7cf90,0x0000000784e80000)
  to   space 7680K, 0% used [0x0000000783f80000,0x0000000783f80000,0x0000000784700000)
 ParOldGen       total 130048K, used 3352K [0x0000000702e00000, 0x000000070ad00000, 0x0000000780f80000)
  object space 130048K, 2% used [0x0000000702e00000,0x0000000703146000,0x000000070ad00000)
 Metaspace       used 15084K, capacity 15246K, committed 15488K, reserved 1062912K
  class space    used 1822K, capacity 1909K, committed 1920K, reserved 1048576K
Event: 3.767 GC heap after
Heap after GC invocations=3 (full 0):
 PSYoungGen      total 56832K, used 7664K [0x0000000780f80000, 0x0000000784e80000, 0x00000007c0000000)
  eden space 49152K, 0% used [0x0000000780f80000,0x0000000780f80000,0x0000000783f80000)
  from space 7680K, 99% used [0x0000000783f80000,0x00000007846fc030,0x0000000784700000)
  to   space 7680K, 0% used [0x0000000784700000,0x0000000784700000,0x0000000784e80000)
 ParOldGen       total 130048K, used 7580K [0x0000000702e00000, 0x000000070ad00000, 0x0000000780f80000)
  object space 130048K, 5% used [0x0000000702e00000,0x0000000703567340,0x000000070ad00000)
 Metaspace       used 15084K, capacity 15246K, committed 15488K, reserved 1062912K
  class space    used 1822K, capacity 1909K, committed 1920K, reserved 1048576K
}

